#
# There is insufficient memory for the Java Runtime Environment to continue.
# Native memory allocation (malloc) failed to allocate 192576 bytes for Chunk::new
# Possible reasons:
#   The system is out of physical RAM or swap space
#   The process is running with CompressedOops enabled, and the Java Heap may be blocking the growth of the native heap
# Possible solutions:
#   Reduce memory load on the system
#   Increase physical memory or swap space
#   Check if swap backing store is full
#   Decrease Java heap size (-Xmx/-Xms)
#   Decrease number of Java threads
#   Decrease Java thread stack sizes (-Xss)
#   Set larger code cache with -XX:ReservedCodeCacheSize=
#   JVM is running with Unscaled Compressed Oops mode in which the Java heap is
#     placed in the first 4GB address space. The Java Heap base address is the
#     maximum limit for the native heap growth. Please use -XX:HeapBaseMinAddress
#     to set the Java Heap base and to place the Java Heap above 4GB virtual address.
# This output file may be truncated or incomplete.
#
#  Out of Memory Error (allocation.cpp:389), pid=23720, tid=0x0000000000002960
#
# JRE version: OpenJDK Runtime Environment (8.0_242-b01) (build 1.8.0_242-release-1644-b01)
# Java VM: OpenJDK 64-Bit Server VM (25.242-b01 mixed mode windows-amd64 compressed oops)
# Failed to write core dump. Minidumps are not enabled by default on client versions of Windows
#

---------------  T H R E A D  ---------------

Current thread (0x0000000019cf0000):  JavaThread "C2 CompilerThread2" daemon [_thread_in_native, id=10592, stack(0x000000001a7b0000,0x000000001a8b0000)]

Stack: [0x000000001a7b0000,0x000000001a8b0000]
[error occurred during error reporting (printing stack bounds), id 0xc0000005]

Native frames: (J=compiled Java code, j=interpreted, Vv=VM code, C=native code)


Current CompileTask:
C2:  27695 10372       4       org.gradle.api.internal.changedetection.state.ZipHasher::isZipFile (43 bytes)


---------------  P R O C E S S  ---------------

Java Threads: ( => current thread )
  0x000000002241f000 JavaThread "stdout" [_thread_in_native, id=21328, stack(0x000000002eeb0000,0x000000002efb0000)]
  0x000000002241e000 JavaThread "stderr" [_thread_in_native, id=17600, stack(0x000000002edb0000,0x000000002eeb0000)]
  0x000000002241d800 JavaThread "stdout" [_thread_in_native, id=17500, stack(0x000000002ecb0000,0x000000002edb0000)]
  0x0000000022414800 JavaThread "stderr" [_thread_in_native, id=13096, stack(0x000000002ebb0000,0x000000002ecb0000)]
  0x000000002241b000 JavaThread "stdout" [_thread_in_native, id=8464, stack(0x000000002eab0000,0x000000002ebb0000)]
  0x000000002241a800 JavaThread "stderr" [_thread_in_native, id=22564, stack(0x000000002e9b0000,0x000000002eab0000)]
  0x0000000022413000 JavaThread "stdout" [_thread_in_native, id=13968, stack(0x000000002e8b0000,0x000000002e9b0000)]
  0x0000000022419800 JavaThread "stderr" [_thread_in_native, id=23184, stack(0x000000002e7b0000,0x000000002e8b0000)]
  0x0000000022416800 JavaThread "stdout" [_thread_in_native, id=13776, stack(0x000000002e6b0000,0x000000002e7b0000)]
  0x0000000022412000 JavaThread "stderr" [_thread_in_native, id=23948, stack(0x000000002e5b0000,0x000000002e6b0000)]
  0x0000000022413800 JavaThread "stdout" [_thread_in_native, id=24600, stack(0x000000002e4b0000,0x000000002e5b0000)]
  0x0000000022419000 JavaThread "stderr" [_thread_in_native, id=24056, stack(0x000000002e3b0000,0x000000002e4b0000)]
  0x0000000022411800 JavaThread "stdout" [_thread_in_native, id=3248, stack(0x000000002e2b0000,0x000000002e3b0000)]
  0x0000000022416000 JavaThread "stderr" [_thread_in_native, id=18928, stack(0x000000002e1b0000,0x000000002e2b0000)]
  0x0000000022417800 JavaThread "stdout" [_thread_in_native, id=25584, stack(0x000000002e0b0000,0x000000002e1b0000)]
  0x0000000022415000 JavaThread "stderr" [_thread_in_native, id=6916, stack(0x000000002dfb0000,0x000000002e0b0000)]
  0x0000000022418000 JavaThread "pool-2-thread-1" [_thread_blocked, id=22216, stack(0x000000002db50000,0x000000002dc50000)]
  0x000000001d186800 JavaThread "WorkerExecutor Queue Thread 13" [_thread_blocked, id=22616, stack(0x000000002dda0000,0x000000002dea0000)]
  0x000000001d183800 JavaThread "WorkerExecutor Queue Thread 12" [_thread_blocked, id=2136, stack(0x000000002deb0000,0x000000002dfb0000)]
  0x000000001d185000 JavaThread "WorkerExecutor Queue Thread 11" [_thread_blocked, id=19188, stack(0x000000002dca0000,0x000000002dda0000)]
  0x000000001d184800 JavaThread "WorkerExecutor Queue Thread 10" [_thread_blocked, id=25412, stack(0x000000002da50000,0x000000002db50000)]
  0x000000001d182000 JavaThread "WorkerExecutor Queue Thread 9" [_thread_blocked, id=24496, stack(0x000000002d750000,0x000000002d850000)]
  0x000000001d186000 JavaThread "WorkerExecutor Queue Thread 6" [_thread_blocked, id=20976, stack(0x000000002d950000,0x000000002da50000)]
  0x000000001d183000 JavaThread "WorkerExecutor Queue Thread 5" [_thread_blocked, id=2972, stack(0x000000002d850000,0x000000002d950000)]
  0x000000001d178800 JavaThread "WorkerExecutor Queue" [_thread_blocked, id=24516, stack(0x000000002c800000,0x000000002c900000)]
  0x000000001d17d000 JavaThread "Cache worker for execution history cache (A:\Users\Tristan van Wyk\AndroidStudioProjects\ModernPocket\.gradle\6.5\executionHistory)" [_thread_blocked, id=23164, stack(0x000000002d050000,0x000000002d150000)]
  0x000000001d17f000 JavaThread "Execution worker for ':' Thread 7" [_thread_blocked, id=23796, stack(0x000000002cf50000,0x000000002d050000)]
  0x000000001d177800 JavaThread "Execution worker for ':' Thread 6" [_thread_blocked, id=10884, stack(0x000000002ce50000,0x000000002cf50000)]
  0x000000001d17b800 JavaThread "Execution worker for ':' Thread 5" [_thread_blocked, id=10244, stack(0x000000002cd50000,0x000000002ce50000)]
  0x000000001d17a000 JavaThread "Execution worker for ':' Thread 4" [_thread_blocked, id=19380, stack(0x000000002cc50000,0x000000002cd50000)]
  0x000000001d17c000 JavaThread "Execution worker for ':' Thread 3" [_thread_blocked, id=2868, stack(0x000000002cb50000,0x000000002cc50000)]
  0x000000001d17d800 JavaThread "Execution worker for ':' Thread 2" [_thread_blocked, id=4844, stack(0x000000002ca50000,0x000000002cb50000)]
  0x000000001d179000 JavaThread "Execution worker for ':'" [_thread_blocked, id=24792, stack(0x000000002c950000,0x000000002ca50000)]
  0x000000001d17e800 JavaThread "Cache worker for file content cache (A:\Users\Tristan van Wyk\AndroidStudioProjects\ModernPocket\.gradle\6.5\fileContent)" [_thread_blocked, id=11676, stack(0x000000002c300000,0x000000002c400000)]
  0x0000000020507000 JavaThread "Memory manager" [_thread_blocked, id=13168, stack(0x000000002b7b0000,0x000000002b8b0000)]
  0x0000000020506800 JavaThread "Cache worker for Build Output Cleanup Cache (A:\Users\Tristan van Wyk\AndroidStudioProjects\ModernPocket\.gradle\buildOutputCleanup)" [_thread_blocked, id=20424, stack(0x000000002b0b0000,0x000000002b1b0000)]
  0x0000000020505800 JavaThread "jar transforms Thread 94" [_thread_blocked, id=22896, stack(0x000000002adb0000,0x000000002aeb0000)]
  0x0000000020505000 JavaThread "jar transforms Thread 93" [_thread_blocked, id=22236, stack(0x000000002acb0000,0x000000002adb0000)]
  0x0000000020504000 JavaThread "jar transforms Thread 92" [_thread_blocked, id=6628, stack(0x000000002abb0000,0x000000002acb0000)]
  0x00000000204fc800 JavaThread "jar transforms Thread 91" [_thread_blocked, id=23816, stack(0x000000002aab0000,0x000000002abb0000)]
  0x0000000020503800 JavaThread "jar transforms Thread 90" [_thread_blocked, id=21780, stack(0x000000002a9b0000,0x000000002aab0000)]
  0x00000000204fc000 JavaThread "jar transforms Thread 89" [_thread_blocked, id=24764, stack(0x000000002a8b0000,0x000000002a9b0000)]
  0x0000000020502800 JavaThread "jar transforms Thread 88" [_thread_blocked, id=23064, stack(0x000000002a6b0000,0x000000002a7b0000)]
  0x0000000020502000 JavaThread "jar transforms Thread 87" [_thread_blocked, id=20012, stack(0x000000002a5b0000,0x000000002a6b0000)]
  0x00000000204fa800 JavaThread "jar transforms Thread 86" [_thread_blocked, id=8668, stack(0x000000002a4b0000,0x000000002a5b0000)]
  0x0000000020501000 JavaThread "jar transforms Thread 85" [_thread_blocked, id=6264, stack(0x000000002a3b0000,0x000000002a4b0000)]
  0x00000000204f9800 JavaThread "jar transforms Thread 84" [_thread_blocked, id=2092, stack(0x000000002a2b0000,0x000000002a3b0000)]
  0x0000000020500800 JavaThread "jar transforms Thread 83" [_thread_blocked, id=22980, stack(0x000000002a1b0000,0x000000002a2b0000)]
  0x00000000204f9000 JavaThread "jar transforms Thread 82" [_thread_blocked, id=24156, stack(0x000000002a0b0000,0x000000002a1b0000)]
  0x00000000204ff800 JavaThread "jar transforms Thread 81" [_thread_blocked, id=8524, stack(0x0000000029fb0000,0x000000002a0b0000)]
  0x00000000204ff000 JavaThread "jar transforms Thread 80" [_thread_blocked, id=9880, stack(0x0000000029eb0000,0x0000000029fb0000)]
  0x00000000204fe000 JavaThread "jar transforms Thread 79" [_thread_blocked, id=18632, stack(0x0000000029db0000,0x0000000029eb0000)]
  0x00000000204fb000 JavaThread "jar transforms Thread 78" [_thread_blocked, id=16776, stack(0x0000000029cb0000,0x0000000029db0000)]
  0x00000000204fd800 JavaThread "jar transforms Thread 77" [_thread_blocked, id=16476, stack(0x0000000029bb0000,0x0000000029cb0000)]
  0x00000000204e6000 JavaThread "jar transforms Thread 76" [_thread_blocked, id=2152, stack(0x0000000029ab0000,0x0000000029bb0000)]
  0x00000000204e5800 JavaThread "jar transforms Thread 75" [_thread_blocked, id=4304, stack(0x00000000299b0000,0x0000000029ab0000)]
  0x00000000204e4000 JavaThread "jar transforms Thread 74" [_thread_blocked, id=5804, stack(0x00000000298b0000,0x00000000299b0000)]
  0x00000000204e3000 JavaThread "jar transforms Thread 73" [_thread_blocked, id=11160, stack(0x00000000297b0000,0x00000000298b0000)]
  0x00000000204e2800 JavaThread "jar transforms Thread 72" [_thread_blocked, id=24272, stack(0x00000000296b0000,0x00000000297b0000)]
  0x00000000204e1000 JavaThread "jar transforms Thread 71" [_thread_blocked, id=23328, stack(0x00000000295b0000,0x00000000296b0000)]
  0x00000000204e1800 JavaThread "jar transforms Thread 70" [_thread_blocked, id=6352, stack(0x00000000294b0000,0x00000000295b0000)]
  0x00000000204e4800 JavaThread "jar transforms Thread 69" [_thread_blocked, id=22096, stack(0x00000000293b0000,0x00000000294b0000)]
  0x00000000204df800 JavaThread "jar transforms Thread 68" [_thread_blocked, id=3308, stack(0x00000000292b0000,0x00000000293b0000)]
  0x00000000204e0000 JavaThread "jar transforms Thread 67" [_thread_blocked, id=11932, stack(0x00000000291b0000,0x00000000292b0000)]
  0x00000000204d8000 JavaThread "jar transforms Thread 66" [_thread_blocked, id=24892, stack(0x00000000290b0000,0x00000000291b0000)]
  0x00000000204de800 JavaThread "jar transforms Thread 65" [_thread_blocked, id=16704, stack(0x0000000028fb0000,0x00000000290b0000)]
  0x00000000204dd000 JavaThread "jar transforms Thread 64" [_thread_blocked, id=12044, stack(0x0000000028eb0000,0x0000000028fb0000)]
  0x00000000204dc800 JavaThread "jar transforms Thread 63" [_thread_blocked, id=20392, stack(0x0000000028db0000,0x0000000028eb0000)]
  0x00000000204db000 JavaThread "jar transforms Thread 62" [_thread_blocked, id=7292, stack(0x0000000028cb0000,0x0000000028db0000)]
  0x00000000204d7000 JavaThread "jar transforms Thread 61" [_thread_blocked, id=3932, stack(0x0000000028bb0000,0x0000000028cb0000)]
  0x00000000204da000 JavaThread "jar transforms Thread 60" [_thread_blocked, id=4284, stack(0x0000000028ab0000,0x0000000028bb0000)]
  0x00000000204d8800 JavaThread "jar transforms Thread 59" [_thread_blocked, id=23376, stack(0x0000000025330000,0x0000000025430000)]
  0x00000000204de000 JavaThread "jar transforms Thread 58" [_thread_blocked, id=1412, stack(0x00000000248a0000,0x00000000249a0000)]
  0x00000000204d9800 JavaThread "jar transforms Thread 57" [_thread_blocked, id=24876, stack(0x00000000247a0000,0x00000000248a0000)]
  0x00000000204db800 JavaThread "jar transforms Thread 56" [_thread_blocked, id=18252, stack(0x00000000289b0000,0x0000000028ab0000)]
  0x00000000222b5000 JavaThread "jar transforms Thread 55" [_thread_blocked, id=24064, stack(0x00000000288b0000,0x00000000289b0000)]
  0x00000000222b4000 JavaThread "jar transforms Thread 54" [_thread_blocked, id=15796, stack(0x00000000287b0000,0x00000000288b0000)]
  0x00000000222b2800 JavaThread "jar transforms Thread 53" [_thread_blocked, id=11064, stack(0x00000000286b0000,0x00000000287b0000)]
  0x00000000222b1000 JavaThread "jar transforms Thread 52" [_thread_blocked, id=8560, stack(0x00000000285b0000,0x00000000286b0000)]
  0x00000000222b2000 JavaThread "jar transforms Thread 51" [_thread_blocked, id=22280, stack(0x00000000284b0000,0x00000000285b0000)]
  0x00000000222b3800 JavaThread "jar transforms Thread 50" [_thread_blocked, id=25356, stack(0x00000000283b0000,0x00000000284b0000)]
  0x00000000222a9800 JavaThread "jar transforms Thread 49" [_thread_blocked, id=7760, stack(0x00000000282b0000,0x00000000283b0000)]
  0x00000000222b0800 JavaThread "jar transforms Thread 48" [_thread_blocked, id=24024, stack(0x00000000281b0000,0x00000000282b0000)]
  0x00000000222af800 JavaThread "jar transforms Thread 47" [_thread_blocked, id=8736, stack(0x00000000280b0000,0x00000000281b0000)]
  0x00000000222af000 JavaThread "jar transforms Thread 46" [_thread_blocked, id=21760, stack(0x0000000027fb0000,0x00000000280b0000)]
  0x00000000222a9000 JavaThread "jar transforms Thread 45" [_thread_blocked, id=6964, stack(0x0000000027eb0000,0x0000000027fb0000)]
  0x00000000222a8000 JavaThread "jar transforms Thread 44" [_thread_blocked, id=17252, stack(0x0000000027db0000,0x0000000027eb0000)]
  0x00000000222a7800 JavaThread "jar transforms Thread 43" [_thread_blocked, id=24092, stack(0x0000000027cb0000,0x0000000027db0000)]
  0x00000000222ae000 JavaThread "jar transforms Thread 42" [_thread_blocked, id=23792, stack(0x0000000027bb0000,0x0000000027cb0000)]
  0x00000000222a6800 JavaThread "jar transforms Thread 41" [_thread_blocked, id=6732, stack(0x0000000027ab0000,0x0000000027bb0000)]
  0x00000000222ac000 JavaThread "jar transforms Thread 40" [_thread_blocked, id=19972, stack(0x00000000279b0000,0x0000000027ab0000)]
  0x00000000222ab000 JavaThread "jar transforms Thread 39" [_thread_blocked, id=2052, stack(0x00000000278b0000,0x00000000279b0000)]
  0x00000000222aa800 JavaThread "jar transforms Thread 38" [_thread_blocked, id=21744, stack(0x00000000277b0000,0x00000000278b0000)]
  0x00000000222ad800 JavaThread "jar transforms Thread 37" [_thread_blocked, id=13484, stack(0x00000000276b0000,0x00000000277b0000)]
  0x00000000222ac800 JavaThread "jar transforms Thread 36" [_thread_blocked, id=21904, stack(0x00000000275b0000,0x00000000276b0000)]
  0x00000000222a6000 JavaThread "jar transforms Thread 35" [_thread_blocked, id=23592, stack(0x00000000274b0000,0x00000000275b0000)]
  0x000000001cb35800 JavaThread "jar transforms Thread 34" [_thread_blocked, id=20412, stack(0x00000000273b0000,0x00000000274b0000)]
  0x000000001cb38800 JavaThread "jar transforms Thread 33" [_thread_blocked, id=8316, stack(0x00000000272b0000,0x00000000273b0000)]
  0x000000001cb33000 JavaThread "jar transforms Thread 32" [_thread_blocked, id=1268, stack(0x00000000271b0000,0x00000000272b0000)]
  0x000000001cb33800 JavaThread "jar transforms Thread 31" [_thread_blocked, id=20148, stack(0x00000000270b0000,0x00000000271b0000)]
  0x000000001cb37000 JavaThread "jar transforms Thread 30" [_thread_blocked, id=21068, stack(0x0000000026fb0000,0x00000000270b0000)]
  0x000000001cb32000 JavaThread "jar transforms Thread 29" [_thread_blocked, id=20536, stack(0x0000000026eb0000,0x0000000026fb0000)]
  0x000000001cb36000 JavaThread "jar transforms Thread 28" [_thread_blocked, id=564, stack(0x0000000026db0000,0x0000000026eb0000)]
  0x000000001cb37800 JavaThread "jar transforms Thread 27" [_thread_blocked, id=21488, stack(0x0000000026cb0000,0x0000000026db0000)]
  0x000000001cb34800 JavaThread "jar transforms Thread 26" [_thread_blocked, id=11164, stack(0x0000000026bb0000,0x0000000026cb0000)]
  0x000000001cb2a800 JavaThread "jar transforms Thread 25" [_thread_blocked, id=21000, stack(0x0000000026ab0000,0x0000000026bb0000)]
  0x000000001cb2c000 JavaThread "jar transforms Thread 24" [_thread_blocked, id=23356, stack(0x00000000269b0000,0x0000000026ab0000)]
  0x000000001cb31800 JavaThread "jar transforms Thread 23" [_thread_blocked, id=21464, stack(0x00000000268b0000,0x00000000269b0000)]
  0x000000001cb2a000 JavaThread "jar transforms Thread 22" [_thread_blocked, id=16816, stack(0x00000000267b0000,0x00000000268b0000)]
  0x000000001cb2b800 JavaThread "jar transforms Thread 21" [_thread_blocked, id=2280, stack(0x00000000266b0000,0x00000000267b0000)]
  0x000000001cb30800 JavaThread "jar transforms Thread 20" [_thread_blocked, id=15764, stack(0x00000000265b0000,0x00000000266b0000)]
  0x000000001cb2d800 JavaThread "jar transforms Thread 19" [_thread_blocked, id=22856, stack(0x00000000264b0000,0x00000000265b0000)]
  0x000000001cb2e800 JavaThread "jar transforms Thread 18" [_thread_blocked, id=18248, stack(0x00000000263b0000,0x00000000264b0000)]
  0x000000001cb29000 JavaThread "jar transforms Thread 17" [_thread_blocked, id=19808, stack(0x00000000262b0000,0x00000000263b0000)]
  0x000000001cb2d000 JavaThread "jar transforms Thread 16" [_thread_blocked, id=22552, stack(0x00000000261b0000,0x00000000262b0000)]
  0x000000001cb30000 JavaThread "jar transforms Thread 15" [_thread_blocked, id=20812, stack(0x00000000260b0000,0x00000000261b0000)]
  0x000000001cb2f000 JavaThread "jar transforms Thread 14" [_thread_blocked, id=13880, stack(0x0000000025fb0000,0x00000000260b0000)]
  0x0000000020a8a000 JavaThread "jar transforms Thread 13" [_thread_blocked, id=7240, stack(0x0000000025eb0000,0x0000000025fb0000)]
  0x0000000020a89800 JavaThread "jar transforms Thread 12" [_thread_blocked, id=7432, stack(0x0000000025db0000,0x0000000025eb0000)]
  0x0000000020a83800 JavaThread "jar transforms Thread 11" [_thread_blocked, id=7828, stack(0x0000000025cb0000,0x0000000025db0000)]
  0x0000000020a88800 JavaThread "jar transforms Thread 10" [_thread_blocked, id=20860, stack(0x0000000025bb0000,0x0000000025cb0000)]
  0x0000000020a88000 JavaThread "jar transforms Thread 9" [_thread_blocked, id=4240, stack(0x0000000025ab0000,0x0000000025bb0000)]
  0x0000000020a87000 JavaThread "jar transforms Thread 8" [_thread_blocked, id=4280, stack(0x00000000259b0000,0x0000000025ab0000)]
  0x0000000020a86800 JavaThread "jar transforms Thread 7" [_thread_blocked, id=20764, stack(0x00000000258b0000,0x00000000259b0000)]
  0x0000000020a84000 JavaThread "jar transforms Thread 6" [_thread_blocked, id=9300, stack(0x00000000257b0000,0x00000000258b0000)]
  0x0000000020a85800 JavaThread "jar transforms Thread 5" [_thread_blocked, id=10316, stack(0x00000000256b0000,0x00000000257b0000)]
  0x0000000020a85000 JavaThread "jar transforms Thread 4" [_thread_blocked, id=23812, stack(0x00000000255b0000,0x00000000256b0000)]
  0x0000000020a7c000 JavaThread "jar transforms Thread 3" [_thread_blocked, id=13108, stack(0x00000000254b0000,0x00000000255b0000)]
  0x0000000020a82800 JavaThread "jar transforms Thread 2" [_thread_blocked, id=23560, stack(0x00000000249c0000,0x0000000024ac0000)]
  0x0000000020a81000 JavaThread "Build operations Thread 8" [_thread_blocked, id=16636, stack(0x0000000025230000,0x0000000025330000)]
  0x0000000020a7b000 JavaThread "Build operations Thread 7" [_thread_blocked, id=6464, stack(0x0000000025130000,0x0000000025230000)]
  0x0000000020a7f800 JavaThread "Build operations Thread 6" [_thread_blocked, id=3568, stack(0x0000000025030000,0x0000000025130000)]
  0x0000000020a7f000 JavaThread "Build operations Thread 5" [_thread_blocked, id=3320, stack(0x0000000024f30000,0x0000000025030000)]
  0x0000000020a7d800 JavaThread "Build operations Thread 4" [_thread_in_native, id=23020, stack(0x0000000024e30000,0x0000000024f30000)]
  0x0000000020a7e000 JavaThread "Build operations Thread 3" [_thread_blocked, id=19072, stack(0x0000000024d30000,0x0000000024e30000)]
  0x0000000020a82000 JavaThread "Build operations Thread 2" [_thread_blocked, id=13768, stack(0x0000000024c30000,0x0000000024d30000)]
  0x0000000020a80800 JavaThread "Build operations" [_thread_blocked, id=16096, stack(0x0000000024b30000,0x0000000024c30000)]
  0x000000001c914800 JavaThread "Cache worker for file content cache (C:\Users\Tristan van Wyk\.gradle\caches\6.5\fileContent)" [_thread_blocked, id=10368, stack(0x00000000230d0000,0x00000000231d0000)]
  0x000000001c91a000 JavaThread "jar transforms" [_thread_blocked, id=23272, stack(0x0000000022fd0000,0x00000000230d0000)]
  0x000000001c916000 JavaThread "Cache worker for execution history cache (C:\Users\Tristan van Wyk\.gradle\caches\6.5\executionHistory)" [_thread_blocked, id=23600, stack(0x00000000228d0000,0x00000000229d0000)]
  0x000000001c915800 JavaThread "Cache worker for cache directory md-rule (C:\Users\Tristan van Wyk\.gradle\caches\6.5\md-rule)" [_thread_blocked, id=21580, stack(0x00000000227d0000,0x00000000228d0000)]
  0x000000001c919000 JavaThread "Cache worker for cache directory md-supplier (C:\Users\Tristan van Wyk\.gradle\caches\6.5\md-supplier)" [_thread_blocked, id=9012, stack(0x00000000226d0000,0x00000000227d0000)]
  0x000000001c917000 JavaThread "Cache worker for checksums cache (A:\Users\Tristan van Wyk\AndroidStudioProjects\ModernPocket\.gradle\checksums)" [_thread_blocked, id=5648, stack(0x0000000021520000,0x0000000021620000)]
  0x000000001c91a800 JavaThread "Cache worker for file hash cache (A:\Users\Tristan van Wyk\AndroidStudioProjects\ModernPocket\.gradle\6.5\fileHashes)" [_thread_blocked, id=22448, stack(0x0000000021220000,0x0000000021320000)]
  0x000000001c96b000 JavaThread "Cache worker for file hash cache (C:\Users\Tristan van Wyk\.gradle\caches\6.5\fileHashes)" [_thread_blocked, id=9572, stack(0x000000001ecd0000,0x000000001edd0000)]
  0x000000001acd9800 JavaThread "File lock request listener" [_thread_in_native, id=20320, stack(0x000000001ebd0000,0x000000001ecd0000)]
  0x000000001acd9000 JavaThread "Cache worker for journal cache (C:\Users\Tristan van Wyk\.gradle\caches\journal-1)" [_thread_blocked, id=16456, stack(0x000000001ead0000,0x000000001ebd0000)]
  0x000000001c8ff000 JavaThread "Thread-9" [_thread_blocked, id=11484, stack(0x000000001e7d0000,0x000000001e8d0000)]
  0x000000001b3ec800 JavaThread "Stdin handler" [_thread_blocked, id=24340, stack(0x000000001e6d0000,0x000000001e7d0000)]
  0x000000001b939000 JavaThread "Asynchronous log dispatcher for DefaultDaemonConnection: socket connection from /127.0.0.1:49804 to /127.0.0.1:49805" [_thread_blocked, id=18576, stack(0x000000001e5d0000,0x000000001e6d0000)]
  0x000000001b90b000 JavaThread "Daemon worker" [_thread_blocked, id=1788, stack(0x000000001e4d0000,0x000000001e5d0000)]
  0x000000001b90a000 JavaThread "Cancel handler" [_thread_blocked, id=23148, stack(0x000000001e2d0000,0x000000001e3d0000)]
  0x000000001c15e800 JavaThread "Handler for socket connection from /127.0.0.1:49804 to /127.0.0.1:49805" [_thread_in_native, id=4064, stack(0x000000001e1d0000,0x000000001e2d0000)]
  0x000000001c903800 JavaThread "Daemon" [_thread_blocked, id=12788, stack(0x000000001e0d0000,0x000000001e1d0000)]
  0x000000001c863000 JavaThread "Daemon periodic checks" [_thread_blocked, id=24504, stack(0x000000001ddd0000,0x000000001ded0000)]
  0x000000001c7ef800 JavaThread "Incoming local TCP Connector on port 49804" [_thread_in_native, id=24436, stack(0x000000001db90000,0x000000001dc90000)]
  0x000000001c55c000 JavaThread "Daemon health stats" [_thread_blocked, id=20788, stack(0x000000001d550000,0x000000001d650000)]
  0x0000000019d81000 JavaThread "Service Thread" daemon [_thread_blocked, id=7792, stack(0x000000001a9b0000,0x000000001aab0000)]
  0x0000000019d03800 JavaThread "C1 CompilerThread3" daemon [_thread_blocked, id=17596, stack(0x000000001a8b0000,0x000000001a9b0000)]
=>0x0000000019cf0000 JavaThread "C2 CompilerThread2" daemon [_thread_in_native, id=10592, stack(0x000000001a7b0000,0x000000001a8b0000)]
  0x0000000019ceb000 JavaThread "C2 CompilerThread1" daemon [_thread_blocked, id=19752, stack(0x000000001a6b0000,0x000000001a7b0000)]
  0x0000000019ce5000 JavaThread "C2 CompilerThread0" daemon [_thread_blocked, id=23352, stack(0x000000001a5b0000,0x000000001a6b0000)]
  0x0000000019ce4000 JavaThread "Attach Listener" daemon [_thread_blocked, id=22024, stack(0x000000001a4b0000,0x000000001a5b0000)]
  0x0000000019ce1000 JavaThread "Signal Dispatcher" daemon [_thread_blocked, id=21544, stack(0x000000001a3b0000,0x000000001a4b0000)]
  0x0000000002e4d800 JavaThread "Finalizer" daemon [_thread_blocked, id=4276, stack(0x000000001a1b0000,0x000000001a2b0000)]
  0x0000000019cd0800 JavaThread "Reference Handler" daemon [_thread_blocked, id=24908, stack(0x000000001a0b0000,0x000000001a1b0000)]
  0x0000000002d52800 JavaThread "main" [_thread_blocked, id=17272, stack(0x0000000002c50000,0x0000000002d50000)]

Other Threads:
  0x0000000017eb6800 VMThread [stack: 0x0000000019bb0000,0x0000000019cb0000] [id=16140]
  0x0000000019d54000 WatcherThread [stack: 0x000000001aab0000,0x000000001abb0000] [id=21440]

VM state:not at safepoint (normal execution)

VM Mutex/Monitor currently owned by a thread: None

heap address: 0x0000000080000000, size: 2048 MB, Compressed Oops mode: 32-bit
Narrow klass base: 0x0000000000000000, Narrow klass shift: 3
Compressed class space size: 1073741824 Address: 0x0000000100000000

Heap:
 PSYoungGen      total 351232K, used 289247K [0x00000000d5580000, 0x00000000f1380000, 0x0000000100000000)
  eden space 326656K, 81% used [0x00000000d5580000,0x00000000e57fbbb8,0x00000000e9480000)
  from space 24576K, 99% used [0x00000000e9480000,0x00000000eac7c1a8,0x00000000eac80000)
  to   space 34304K, 0% used [0x00000000ef200000,0x00000000ef200000,0x00000000f1380000)
 ParOldGen       total 216064K, used 53743K [0x0000000080000000, 0x000000008d300000, 0x00000000d5580000)
  object space 216064K, 24% used [0x0000000080000000,0x000000008347bd10,0x000000008d300000)
 Metaspace       used 71061K, capacity 74763K, committed 74904K, reserved 1114112K
  class space    used 9676K, capacity 10362K, committed 10416K, reserved 1048576K

Card table byte_map: [0x0000000012210000,0x0000000012620000] byte_map_base: 0x0000000011e10000

Marking Bits: (ParMarkBitMap*) 0x000000006b66f030
 Begin Bits: [0x00000000130d0000, 0x00000000150d0000)
 End Bits:   [0x00000000150d0000, 0x00000000170d0000)

Polling page: 0x0000000002b80000

CodeCache: size=245760Kb used=30057Kb max_used=31495Kb free=215702Kb
 bounds [0x0000000002e50000, 0x0000000004d40000, 0x0000000011e50000]
 total_blobs=9800 nmethods=8992 adapters=718
 compilation: enabled

Compilation events (10 events):
Event: 27.656 Thread 0x0000000019d03800 nmethod 10367 0x0000000004595190 code [0x0000000004595520, 0x0000000004597208]
Event: 27.657 Thread 0x0000000019d03800 10368       3       org.gradle.api.internal.artifacts.transform.DefaultTransformerInvocationFactory$2$$Lambda$699/1383491050::get$Lambda (9 bytes)
Event: 27.658 Thread 0x0000000019d03800 nmethod 10368 0x0000000004476290 code [0x0000000004476400, 0x0000000004476650]
Event: 27.658 Thread 0x0000000019d03800 10369       3       org.gradle.api.internal.artifacts.transform.DefaultTransformerInvocationFactory$2$$Lambda$699/1383491050::<init> (10 bytes)
Event: 27.658 Thread 0x0000000019d03800 nmethod 10369 0x0000000003e69b10 code [0x0000000003e69c60, 0x0000000003e69e30]
Event: 27.658 Thread 0x0000000019d03800 10370       3       java.nio.file.Files::newInputStream (10 bytes)
Event: 27.658 Thread 0x0000000019d03800 nmethod 10370 0x000000000441cf90 code [0x000000000441d120, 0x000000000441d508]
Event: 27.658 Thread 0x0000000019d03800 10371       3       java.nio.file.spi.FileSystemProvider::newInputStream (91 bytes)
Event: 27.660 Thread 0x0000000019d03800 nmethod 10371 0x000000000350a550 code [0x000000000350a880, 0x000000000350bf18]
Event: 27.675 Thread 0x0000000019cf0000 10372       4       org.gradle.api.internal.changedetection.state.ZipHasher::isZipFile (43 bytes)

GC Heap History (10 events):
Event: 4.427 GC heap before
{Heap before GC invocations=8 (full 2):
 PSYoungGen      total 235520K, used 8377K [0x00000000d5580000, 0x00000000e4b00000, 0x0000000100000000)
  eden space 220160K, 0% used [0x00000000d5580000,0x00000000d5580000,0x00000000e2c80000)
  from space 15360K, 54% used [0x00000000e3b00000,0x00000000e432e480,0x00000000e4a00000)
  to   space 14848K, 0% used [0x00000000e2c80000,0x00000000e2c80000,0x00000000e3b00000)
 ParOldGen       total 93696K, used 10837K [0x0000000080000000, 0x0000000085b80000, 0x00000000d5580000)
  object space 93696K, 11% used [0x0000000080000000,0x0000000080a95490,0x0000000085b80000)
 Metaspace       used 34352K, capacity 35420K, committed 35496K, reserved 1079296K
  class space    used 4731K, capacity 5003K, committed 5040K, reserved 1048576K
Event: 4.470 GC heap after
Heap after GC invocations=8 (full 2):
 PSYoungGen      total 235520K, used 0K [0x00000000d5580000, 0x00000000e4b00000, 0x0000000100000000)
  eden space 220160K, 0% used [0x00000000d5580000,0x00000000d5580000,0x00000000e2c80000)
  from space 15360K, 0% used [0x00000000e3b00000,0x00000000e3b00000,0x00000000e4a00000)
  to   space 14848K, 0% used [0x00000000e2c80000,0x00000000e2c80000,0x00000000e3b00000)
 ParOldGen       total 140800K, used 14806K [0x0000000080000000, 0x0000000088980000, 0x00000000d5580000)
  object space 140800K, 10% used [0x0000000080000000,0x0000000080e758d0,0x0000000088980000)
 Metaspace       used 34352K, capacity 35420K, committed 35496K, reserved 1079296K
  class space    used 4731K, capacity 5003K, committed 5040K, reserved 1048576K
}
Event: 6.265 GC heap before
{Heap before GC invocations=9 (full 2):
 PSYoungGen      total 235520K, used 220160K [0x00000000d5580000, 0x00000000e4b00000, 0x0000000100000000)
  eden space 220160K, 100% used [0x00000000d5580000,0x00000000e2c80000,0x00000000e2c80000)
  from space 15360K, 0% used [0x00000000e3b00000,0x00000000e3b00000,0x00000000e4a00000)
  to   space 14848K, 0% used [0x00000000e2c80000,0x00000000e2c80000,0x00000000e3b00000)
 ParOldGen       total 140800K, used 14806K [0x0000000080000000, 0x0000000088980000, 0x00000000d5580000)
  object space 140800K, 10% used [0x0000000080000000,0x0000000080e758d0,0x0000000088980000)
 Metaspace       used 45931K, capacity 47676K, committed 47784K, reserved 1091584K
  class space    used 6219K, capacity 6556K, committed 6576K, reserved 1048576K
Event: 6.279 GC heap after
Heap after GC invocations=9 (full 2):
 PSYoungGen      total 235008K, used 14839K [0x00000000d5580000, 0x00000000ebe00000, 0x0000000100000000)
  eden space 220160K, 0% used [0x00000000d5580000,0x00000000d5580000,0x00000000e2c80000)
  from space 14848K, 99% used [0x00000000e2c80000,0x00000000e3afdcb8,0x00000000e3b00000)
  to   space 17920K, 0% used [0x00000000eac80000,0x00000000eac80000,0x00000000ebe00000)
 ParOldGen       total 140800K, used 17363K [0x0000000080000000, 0x0000000088980000, 0x00000000d5580000)
  object space 140800K, 12% used [0x0000000080000000,0x00000000810f4dd8,0x0000000088980000)
 Metaspace       used 45931K, capacity 47676K, committed 47784K, reserved 1091584K
  class space    used 6219K, capacity 6556K, committed 6576K, reserved 1048576K
}
Event: 8.197 GC heap before
{Heap before GC invocations=10 (full 2):
 PSYoungGen      total 235008K, used 178299K [0x00000000d5580000, 0x00000000ebe00000, 0x0000000100000000)
  eden space 220160K, 74% used [0x00000000d5580000,0x00000000df5210a0,0x00000000e2c80000)
  from space 14848K, 99% used [0x00000000e2c80000,0x00000000e3afdcb8,0x00000000e3b00000)
  to   space 17920K, 0% used [0x00000000eac80000,0x00000000eac80000,0x00000000ebe00000)
 ParOldGen       total 140800K, used 17363K [0x0000000080000000, 0x0000000088980000, 0x00000000d5580000)
  object space 140800K, 12% used [0x0000000080000000,0x00000000810f4dd8,0x0000000088980000)
 Metaspace       used 56736K, capacity 59129K, committed 59160K, reserved 1099776K
  class space    used 7776K, capacity 8240K, committed 8240K, reserved 1048576K
Event: 8.217 GC heap after
Heap after GC invocations=10 (full 2):
 PSYoungGen      total 344576K, used 17916K [0x00000000d5580000, 0x00000000ec500000, 0x0000000100000000)
  eden space 326656K, 0% used [0x00000000d5580000,0x00000000d5580000,0x00000000e9480000)
  from space 17920K, 99% used [0x00000000eac80000,0x00000000ebdff320,0x00000000ebe00000)
  to   space 24576K, 0% used [0x00000000e9480000,0x00000000e9480000,0x00000000eac80000)
 ParOldGen       total 140800K, used 26375K [0x0000000080000000, 0x0000000088980000, 0x00000000d5580000)
  object space 140800K, 18% used [0x0000000080000000,0x00000000819c1fc0,0x0000000088980000)
 Metaspace       used 56736K, capacity 59129K, committed 59160K, reserved 1099776K
  class space    used 7776K, capacity 8240K, committed 8240K, reserved 1048576K
}
Event: 8.217 GC heap before
{Heap before GC invocations=11 (full 3):
 PSYoungGen      total 344576K, used 17916K [0x00000000d5580000, 0x00000000ec500000, 0x0000000100000000)
  eden space 326656K, 0% used [0x00000000d5580000,0x00000000d5580000,0x00000000e9480000)
  from space 17920K, 99% used [0x00000000eac80000,0x00000000ebdff320,0x00000000ebe00000)
  to   space 24576K, 0% used [0x00000000e9480000,0x00000000e9480000,0x00000000eac80000)
 ParOldGen       total 140800K, used 26375K [0x0000000080000000, 0x0000000088980000, 0x00000000d5580000)
  object space 140800K, 18% used [0x0000000080000000,0x00000000819c1fc0,0x0000000088980000)
 Metaspace       used 56736K, capacity 59129K, committed 59160K, reserved 1099776K
  class space    used 7776K, capacity 8240K, committed 8240K, reserved 1048576K
Event: 8.420 GC heap after
Heap after GC invocations=11 (full 3):
 PSYoungGen      total 344576K, used 0K [0x00000000d5580000, 0x00000000ec500000, 0x0000000100000000)
  eden space 326656K, 0% used [0x00000000d5580000,0x00000000d5580000,0x00000000e9480000)
  from space 17920K, 0% used [0x00000000eac80000,0x00000000eac80000,0x00000000ebe00000)
  to   space 24576K, 0% used [0x00000000e9480000,0x00000000e9480000,0x00000000eac80000)
 ParOldGen       total 216064K, used 38838K [0x0000000080000000, 0x000000008d300000, 0x00000000d5580000)
  object space 216064K, 17% used [0x0000000080000000,0x00000000825ed830,0x000000008d300000)
 Metaspace       used 56697K, capacity 58997K, committed 59160K, reserved 1099776K
  class space    used 7764K, capacity 8218K, committed 8240K, reserved 1048576K
}
Event: 17.390 GC heap before
{Heap before GC invocations=12 (full 3):
 PSYoungGen      total 344576K, used 326656K [0x00000000d5580000, 0x00000000ec500000, 0x0000000100000000)
  eden space 326656K, 100% used [0x00000000d5580000,0x00000000e9480000,0x00000000e9480000)
  from space 17920K, 0% used [0x00000000eac80000,0x00000000eac80000,0x00000000ebe00000)
  to   space 24576K, 0% used [0x00000000e9480000,0x00000000e9480000,0x00000000eac80000)
 ParOldGen       total 216064K, used 38838K [0x0000000080000000, 0x000000008d300000, 0x00000000d5580000)
  object space 216064K, 17% used [0x0000000080000000,0x00000000825ed830,0x000000008d300000)
 Metaspace       used 66220K, capacity 69777K, committed 69912K, reserved 1110016K
  class space    used 9120K, capacity 9747K, committed 9776K, reserved 1048576K
Event: 17.422 GC heap after
Heap after GC invocations=12 (full 3):
 PSYoungGen      total 351232K, used 24560K [0x00000000d5580000, 0x00000000f1380000, 0x0000000100000000)
  eden space 326656K, 0% used [0x00000000d5580000,0x00000000d5580000,0x00000000e9480000)
  from space 24576K, 99% used [0x00000000e9480000,0x00000000eac7c1a8,0x00000000eac80000)
  to   space 34304K, 0% used [0x00000000ef200000,0x00000000ef200000,0x00000000f1380000)
 ParOldGen       total 216064K, used 53743K [0x0000000080000000, 0x000000008d300000, 0x00000000d5580000)
  object space 216064K, 24% used [0x0000000080000000,0x000000008347bd10,0x000000008d300000)
 Metaspace       used 66220K, capacity 69777K, committed 69912K, reserved 1110016K
  class space    used 9120K, capacity 9747K, committed 9776K, reserved 1048576K
}

Deoptimization events (10 events):
Event: 26.838 Thread 0x0000000020a81000 Uncommon trap: reason=unstable_if action=reinterpret pc=0x0000000003a77e18 method=java.util.concurrent.ConcurrentLinkedQueue.updateHead(Ljava/util/concurrent/ConcurrentLinkedQueue$Node;Ljava/util/concurrent/ConcurrentLinkedQueue$Node;)V @ 11
Event: 26.944 Thread 0x0000000020a7f000 Uncommon trap: reason=unstable_if action=reinterpret pc=0x00000000038e3b8c method=com.google.common.cache.LongAdder.add(J)V @ 24
Event: 27.474 Thread 0x0000000020a7f000 Uncommon trap: reason=null_check action=make_not_entrant pc=0x0000000004ce4ae8 method=org.gradle.tooling.internal.provider.runner.SubtreeFilteringBuildOperationListener.started(Lorg/gradle/internal/operations/BuildOperationDescriptor;Lorg/gradle/internal/
Event: 27.474 Thread 0x0000000020a7e000 Uncommon trap: reason=null_check action=make_not_entrant pc=0x0000000004ce4ae8 method=org.gradle.tooling.internal.provider.runner.SubtreeFilteringBuildOperationListener.started(Lorg/gradle/internal/operations/BuildOperationDescriptor;Lorg/gradle/internal/
Event: 27.491 Thread 0x0000000020a7f800 Uncommon trap: reason=null_check action=make_not_entrant pc=0x0000000004ceb258 method=org.gradle.tooling.internal.provider.runner.SubtreeFilteringBuildOperationListener.finished(Lorg/gradle/internal/operations/BuildOperationDescriptor;Lorg/gradle/internal
Event: 27.562 Thread 0x0000000020a7f800 Uncommon trap: reason=array_check action=maybe_recompile pc=0x00000000047dcd44 method=java.util.ComparableTimSort.binarySort([Ljava/lang/Object;III)V @ 215
Event: 27.575 Thread 0x0000000020a7e000 Uncommon trap: reason=array_check action=maybe_recompile pc=0x0000000004d1f738 method=java.util.ComparableTimSort.binarySort([Ljava/lang/Object;III)V @ 183
Event: 27.595 Thread 0x0000000020a7f000 Uncommon trap: reason=array_check action=maybe_recompile pc=0x0000000004d1f68c method=java.util.ComparableTimSort.binarySort([Ljava/lang/Object;III)V @ 193
Event: 27.595 Thread 0x0000000020a7f000 Uncommon trap: reason=array_check action=maybe_recompile pc=0x0000000004d1f68c method=java.util.ComparableTimSort.binarySort([Ljava/lang/Object;III)V @ 193
Event: 27.596 Thread 0x0000000020a7f000 Uncommon trap: reason=array_check action=maybe_recompile pc=0x00000000047dcd44 method=java.util.ComparableTimSort.binarySort([Ljava/lang/Object;III)V @ 215

Classes redefined (0 events):
No events

Internal exceptions (10 events):
Event: 19.163 Thread 0x000000001b90b000 Implicit null exception at 0x00000000048521c1 to 0x00000000048501c9
Event: 19.195 Thread 0x000000001b90b000 Implicit null exception at 0x00000000048521c1 to 0x00000000048501c9
Event: 19.360 Thread 0x000000001b90b000 Exception <a 'java/lang/NoSuchMethodError': <clinit>> (0x00000000da606b78) thrown at [C:\src\AOSP-openjdk-git\hotspot\src\share\vm\prims\jni.cpp, line 1615]
Event: 19.361 Thread 0x000000001b90b000 Exception <a 'java/lang/NoSuchMethodError': <clinit>> (0x00000000da61a8c8) thrown at [C:\src\AOSP-openjdk-git\hotspot\src\share\vm\prims\jni.cpp, line 1615]
Event: 19.363 Thread 0x000000001b90b000 Exception <a 'java/lang/NoSuchMethodError': <clinit>> (0x00000000da631a50) thrown at [C:\src\AOSP-openjdk-git\hotspot\src\share\vm\prims\jni.cpp, line 1615]
Event: 23.206 Thread 0x000000001d17b800 Exception <a 'java/lang/NoSuchMethodError': <clinit>> (0x00000000d69d59a8) thrown at [C:\src\AOSP-openjdk-git\hotspot\src\share\vm\prims\jni.cpp, line 1615]
Event: 24.328 Thread 0x000000001d17b800 Implicit null exception at 0x000000000466ed7f to 0x000000000466eec9
Event: 27.474 Thread 0x0000000020a7e000 Implicit null exception at 0x0000000004ce434f to 0x0000000004ce4ac1
Event: 27.474 Thread 0x0000000020a7f000 Implicit null exception at 0x0000000004ce434f to 0x0000000004ce4ac1
Event: 27.491 Thread 0x0000000020a7f800 Implicit null exception at 0x0000000004ceada3 to 0x0000000004ceb24d

Events (10 events):
Event: 27.638 Thread 0x0000000019d03800 flushing nmethod 0x00000000045edb90
Event: 27.639 Thread 0x0000000019d03800 flushing nmethod 0x000000000460aa50
Event: 27.639 Thread 0x0000000019d03800 flushing nmethod 0x00000000046295d0
Event: 27.639 Thread 0x0000000019d03800 flushing nmethod 0x0000000004649e90
Event: 27.639 Thread 0x0000000019d03800 flushing nmethod 0x000000000464ee90
Event: 27.639 Thread 0x0000000019d03800 flushing nmethod 0x000000000467a290
Event: 27.639 Thread 0x0000000019d03800 flushing nmethod 0x0000000004681010
Event: 27.639 Thread 0x0000000019d03800 flushing nmethod 0x0000000004693910
Event: 27.639 Thread 0x0000000019d03800 flushing nmethod 0x00000000046b6f50
Event: 27.639 Thread 0x0000000019d03800 flushing nmethod 0x00000000046c4b10


Dynamic libraries:
0x00007ff66bb50000 - 0x00007ff66bb81000 	C:\Program Files\Android\Android Studio\jre\bin\java.exe
0x00007ffc34b70000 - 0x00007ffc34d65000 	C:\WINDOWS\SYSTEM32\ntdll.dll
0x00007ffc32be0000 - 0x00007ffc32c9d000 	C:\WINDOWS\System32\KERNEL32.DLL
0x00007ffc32720000 - 0x00007ffc329e8000 	C:\WINDOWS\System32\KERNELBASE.dll
0x00007ffc33300000 - 0x00007ffc333ac000 	C:\WINDOWS\System32\ADVAPI32.dll
0x00007ffc334b0000 - 0x00007ffc3354e000 	C:\WINDOWS\System32\msvcrt.dll
0x00007ffc33130000 - 0x00007ffc331cb000 	C:\WINDOWS\System32\sechost.dll
0x00007ffc33550000 - 0x00007ffc3367b000 	C:\WINDOWS\System32\RPCRT4.dll
0x00007ffc33730000 - 0x00007ffc338d0000 	C:\WINDOWS\System32\USER32.dll
0x00007ffc32490000 - 0x00007ffc324b2000 	C:\WINDOWS\System32\win32u.dll
0x00007ffc33bf0000 - 0x00007ffc33c1a000 	C:\WINDOWS\System32\GDI32.dll
0x00007ffc329f0000 - 0x00007ffc32afb000 	C:\WINDOWS\System32\gdi32full.dll
0x00007ffc32680000 - 0x00007ffc3271d000 	C:\WINDOWS\System32\msvcp_win.dll
0x00007ffc322b0000 - 0x00007ffc323b0000 	C:\WINDOWS\System32\ucrtbase.dll
0x00007ffc1f790000 - 0x00007ffc1fa2a000 	C:\WINDOWS\WinSxS\amd64_microsoft.windows.common-controls_6595b64144ccf1df_6.0.19041.1052_none_60b8f8fd71f5e8cb\COMCTL32.dll
0x00007ffc338d0000 - 0x00007ffc33900000 	C:\WINDOWS\System32\IMM32.DLL
0x00007ffc34310000 - 0x00007ffc34a4f000 	C:\WINDOWS\System32\SHELL32.dll
0x00007ffc32dd0000 - 0x00007ffc33125000 	C:\WINDOWS\System32\combase.dll
0x00007ffc342b0000 - 0x00007ffc34305000 	C:\WINDOWS\System32\SHLWAPI.dll
0x00007ffc31110000 - 0x00007ffc31143000 	C:\WINDOWS\SYSTEM32\ntmarta.dll
0x00007ffc32170000 - 0x00007ffc321a1000 	C:\WINDOWS\SYSTEM32\SspiCli.dll
0x00007ffc30420000 - 0x00007ffc30bb0000 	C:\WINDOWS\SYSTEM32\windows.storage.dll
0x00007ffc31d20000 - 0x00007ffc31d4c000 	C:\WINDOWS\SYSTEM32\Wldp.dll
0x00007ffc32ca0000 - 0x00007ffc32d4e000 	C:\WINDOWS\System32\SHCORE.dll
0x000000006a440000 - 0x000000006a512000 	C:\Program Files\Android\Android Studio\jre\jre\bin\msvcr100.dll
0x000000006aea0000 - 0x000000006b6eb000 	C:\Program Files\Android\Android Studio\jre\jre\bin\server\jvm.dll
0x00007ffc333b0000 - 0x00007ffc333b8000 	C:\WINDOWS\System32\PSAPI.DLL
0x00007ffc16780000 - 0x00007ffc16789000 	C:\WINDOWS\SYSTEM32\WSOCK32.dll
0x00007ffc34240000 - 0x00007ffc342ab000 	C:\WINDOWS\System32\WS2_32.dll
0x00007ffc215b0000 - 0x00007ffc215d7000 	C:\WINDOWS\SYSTEM32\WINMM.dll
0x00007ffc2bcd0000 - 0x00007ffc2bcda000 	C:\WINDOWS\SYSTEM32\VERSION.dll
0x00007ffc2db30000 - 0x00007ffc2db3f000 	C:\Program Files\Android\Android Studio\jre\jre\bin\verify.dll
0x00007ffc1ef00000 - 0x00007ffc1ef29000 	C:\Program Files\Android\Android Studio\jre\jre\bin\java.dll
0x00007ffc1d830000 - 0x00007ffc1d846000 	C:\Program Files\Android\Android Studio\jre\jre\bin\zip.dll
0x00007ffc321f0000 - 0x00007ffc3220f000 	C:\WINDOWS\SYSTEM32\profapi.dll
0x00007ffc1d810000 - 0x00007ffc1d82a000 	C:\Program Files\Android\Android Studio\jre\jre\bin\net.dll
0x00007ffc31a90000 - 0x00007ffc31afa000 	C:\WINDOWS\system32\mswsock.dll
0x00007ffc1d7f0000 - 0x00007ffc1d803000 	C:\Program Files\Android\Android Studio\jre\jre\bin\nio.dll
0x00007ffc17a80000 - 0x00007ffc17aa7000 	C:\Users\Tristan van Wyk\.gradle\native\f6784746aeab05261644944871eae4fe03e0ef1612fff0a4a95f87b438bc6780\windows-amd64\native-platform.dll
0x00007ffc2d150000 - 0x00007ffc2d15d000 	C:\Program Files\Android\Android Studio\jre\jre\bin\management.dll
0x00007ffc31c70000 - 0x00007ffc31c88000 	C:\WINDOWS\SYSTEM32\CRYPTSP.dll
0x00007ffc313c0000 - 0x00007ffc313f4000 	C:\WINDOWS\system32\rsaenh.dll
0x00007ffc32460000 - 0x00007ffc32487000 	C:\WINDOWS\System32\bcrypt.dll
0x00007ffc321b0000 - 0x00007ffc321de000 	C:\WINDOWS\SYSTEM32\USERENV.dll
0x00007ffc32b50000 - 0x00007ffc32bd3000 	C:\WINDOWS\System32\bcryptprimitives.dll
0x00007ffc31c60000 - 0x00007ffc31c6c000 	C:\WINDOWS\SYSTEM32\CRYPTBASE.dll
0x00007ffc31730000 - 0x00007ffc3176b000 	C:\WINDOWS\SYSTEM32\IPHLPAPI.DLL
0x00007ffc33a30000 - 0x00007ffc33a38000 	C:\WINDOWS\System32\NSI.dll
0x00007ffc2bcb0000 - 0x00007ffc2bcc7000 	C:\WINDOWS\SYSTEM32\dhcpcsvc6.DLL
0x00007ffc2bd90000 - 0x00007ffc2bdad000 	C:\WINDOWS\SYSTEM32\dhcpcsvc.DLL
0x00007ffc31770000 - 0x00007ffc3183c000 	C:\WINDOWS\SYSTEM32\DNSAPI.dll
0x00007ffc2bdf0000 - 0x00007ffc2bdfb000 	C:\WINDOWS\SYSTEM32\WINNSI.DLL
0x00007ffc2fbd0000 - 0x00007ffc2fc60000 	C:\WINDOWS\system32\apphelp.dll

VM Arguments:
jvm_args: -Xmx2048m -Dfile.encoding=UTF-8 -Duser.country=ZA -Duser.language=en -Duser.variant 
java_command: org.gradle.launcher.daemon.bootstrap.GradleDaemon 6.5
java_class_path (initial): C:\Users\Tristan van Wyk\.gradle\wrapper\dists\gradle-6.5-bin\6nifqtx7604sqp1q6g8wikw7p\gradle-6.5\lib\gradle-launcher-6.5.jar
Launcher Type: SUN_STANDARD

Environment Variables:
USERNAME=Tristan van Wyk
OS=Windows_NT
PROCESSOR_IDENTIFIER=Intel64 Family 6 Model 94 Stepping 3, GenuineIntel



---------------  S Y S T E M  ---------------

OS: Windows 10.0 , 64 bit Build 19041 (10.0.19041.1023)

CPU:total 8 (initial active 8) (4 cores per cpu, 2 threads per core) family 6 model 94 stepping 3, cmov, cx8, fxsr, mmx, sse, sse2, sse3, ssse3, sse4.1, sse4.2, popcnt, avx, avx2, aes, clmul, erms, rtm, 3dnowpref, lzcnt, ht, tsc, tscinvbit, bmi1, bmi2, adx

Memory: 4k page, physical 16741056k(4473556k free), swap 20325056k(264k free)

vm_info: OpenJDK 64-Bit Server VM (25.242-b01) for windows-amd64 JRE (1.8.0_242-release-1644-b01), built by "builder" with MS VC++ 10.0 (VS2010)

time: Sun Jul 04 00:29:02 2021
timezone: South Africa Standard Time
elapsed time: 27 seconds (0d 0h 0m 27s)

